<?xml version="1.0" encoding="UTF-8"?>
<!-- Generated by org.testng.reporters.JUnitReportReporter -->
<testsuite hostname="Nitin" failures="0" tests="1" name="com.bestbuy.tests.MenuTest" time="242.560" errors="0" timestamp="2023-09-06T13:58:47 IST" skipped="0">
  <testcase classname="com.bestbuy.tests.MenuTest" name="testBrandsMenuItem1" time="242.560"/>
  <system-out/>
</testsuite> <!-- com.bestbuy.tests.MenuTest -->
