<?xml version="1.0" encoding="UTF-8"?>
<!-- Generated by org.testng.reporters.JUnitReportReporter -->
<testsuite hostname="Nitin" failures="0" tests="1" name="com.bestbuy.tests.DummyPaymentCheckout" time="636.460" errors="0" timestamp="2023-09-08T14:09:20 IST" skipped="0">
  <testcase classname="com.bestbuy.tests.DummyPaymentCheckout" name="dummyTestCheckout" time="636.460"/>
  <system-out/>
</testsuite> <!-- com.bestbuy.tests.DummyPaymentCheckout -->
