<?xml version="1.0" encoding="UTF-8"?>
<!-- Generated by org.testng.reporters.JUnitReportReporter -->
<testsuite hostname="Nitin" failures="0" tests="1" name="com.bestbuy.tests.ShopByMenuTests$ShopByDepartment" time="115.584" errors="0" timestamp="2023-09-09T21:48:22 IST" skipped="0">
  <testcase classname="com.bestbuy.tests.ShopByMenuTests$ShopByDepartment" name="testForShopByMenu" time="115.584"/>
  <system-out/>
</testsuite> <!-- com.bestbuy.tests.ShopByMenuTests$ShopByDepartment -->
