<?xml version="1.0" encoding="UTF-8"?>
<!-- Generated by org.testng.reporters.JUnitReportReporter -->
<testsuite hostname="Nitin" failures="0" tests="1" name="com.bestbuy.tests.AddingProductsToCartTest" time="185.163" errors="0" timestamp="2023-09-07T13:54:51 IST" skipped="0">
  <testcase classname="com.bestbuy.tests.AddingProductsToCartTest" name="products" time="185.163"/>
  <system-out/>
</testsuite> <!-- com.bestbuy.tests.AddingProductsToCartTest -->
