<?xml version="1.0" encoding="UTF-8"?>
<!-- Generated by org.testng.reporters.JUnitReportReporter -->
<testsuite hostname="Nitin" failures="0" tests="1" name="com.bestbuy.tests.BestBuyLinkValidationTest" time="12.747" errors="0" timestamp="2023-09-09T21:42:35 IST" skipped="0">
  <testcase classname="com.bestbuy.tests.BestBuyLinkValidationTest" name="validateBrokenLink" time="12.747"/>
  <system-out/>
</testsuite> <!-- com.bestbuy.tests.BestBuyLinkValidationTest -->
