<?xml version="1.0" encoding="UTF-8"?>
<!-- Generated by org.testng.reporters.JUnitReportReporter -->
<testsuite hostname="Nitin" failures="0" tests="1" name="com.bestbuy.tests.SignInTests" time="178.949" errors="0" timestamp="2023-09-09T21:50:06 IST" skipped="0">
  <testcase classname="com.bestbuy.tests.SignInTests" name="ValidClickUnitedStates" time="178.949"/>
  <system-out/>
</testsuite> <!-- com.bestbuy.tests.SignInTests -->
