<?xml version="1.0" encoding="UTF-8"?>
<!-- Generated by org.testng.reporters.JUnitReportReporter -->
<testsuite hostname="Nitin" failures="0" tests="1" name="com.bestbuy.tests.BottomLinksFooter" time="13.626" errors="0" timestamp="2023-09-09T21:43:46 IST" skipped="0">
  <testcase classname="com.bestbuy.tests.BottomLinksFooter" name="bottomLinks" time="13.626"/>
  <system-out/>
</testsuite> <!-- com.bestbuy.tests.BottomLinksFooter -->
