<?xml version="1.0" encoding="UTF-8"?>
<!-- Generated by org.testng.reporters.JUnitReportReporter -->
<testsuite hostname="Nitin" failures="0" tests="1" name="com.bestbuy.tests.DropDownMenuTest" time="16.949" errors="0" timestamp="2023-09-05T17:42:27 IST" skipped="0">
  <testcase classname="com.bestbuy.tests.DropDownMenuTest" name="testBrandsMenuItem" time="16.949"/>
  <system-out/>
</testsuite> <!-- com.bestbuy.tests.DropDownMenuTest -->
