<?xml version="1.0" encoding="UTF-8"?>
<!-- Generated by org.testng.reporters.JUnitReportReporter -->
<testsuite hostname="Nitin" failures="0" tests="1" name="com.bestbuy.tests.LinksInFooterTest" time="29.436" errors="0" timestamp="2023-09-09T21:45:39 IST" skipped="0">
  <testcase classname="com.bestbuy.tests.LinksInFooterTest" name="validateLinkBottomTest" time="29.436"/>
  <system-out/>
</testsuite> <!-- com.bestbuy.tests.LinksInFooterTest -->
